G:\日本会议\IFCENGINEDLLV1.04 (BUILD 4000+)\C++\IFCVIEWER\IFCVIEWER\X64\DEBUG\CAMERA.OBJ
G:\日本会议\IFCEngineDLLv1.04 (build 4000+)\C++\ifcviewer\ifcviewer\x64\Debug\cl.command.1.tlog
G:\日本会议\IFCEngineDLLv1.04 (build 4000+)\C++\ifcviewer\ifcviewer\x64\Debug\CL.read.1.tlog
G:\日本会议\IFCEngineDLLv1.04 (build 4000+)\C++\ifcviewer\ifcviewer\x64\Debug\CL.write.1.tlog
G:\日本会议\IFCENGINEDLLV1.04 (BUILD 4000+)\C++\IFCVIEWER\IFCVIEWER\X64\DEBUG\GENERIC.OBJ
G:\日本会议\IFCENGINEDLLV1.04 (BUILD 4000+)\C++\IFCVIEWER\IFCVIEWER\X64\DEBUG\GENERICTREEITEM.OBJ
G:\日本会议\IFCENGINEDLLV1.04 (BUILD 4000+)\C++\IFCVIEWER\IFCVIEWER\X64\DEBUG\HEADERINFO.OBJ
G:\日本会议\IFCENGINEDLLV1.04 (BUILD 4000+)\C++\IFCVIEWER\IFCVIEWER\X64\DEBUG\IFCENGINEINTERACT.OBJ
G:\日本会议\IFCENGINEDLLV1.04 (BUILD 4000+)\C++\IFCVIEWER\IFCVIEWER\X64\DEBUG\IFCVIEWER.OBJ
G:\日本会议\IFCENGINEDLLV1.04 (BUILD 4000+)\C++\IFCVIEWER\IFCVIEWER\X64\DEBUG\IFCVIEWER.RES
G:\日本会议\IFCEngineDLLv1.04 (build 4000+)\C++\ifcviewer\ifcviewer\x64\Debug\ifcviewer.write.1.tlog
G:\日本会议\IFCENGINEDLLV1.04 (BUILD 4000+)\C++\IFCVIEWER\IFCVIEWER\X64\DEBUG\IFCVIEWER-C++_UNICODE_64BIT_DEBUG.EXE.EMBED.MANIFEST
G:\日本会议\IFCENGINEDLLV1.04 (BUILD 4000+)\C++\IFCVIEWER\IFCVIEWER\X64\DEBUG\IFCVIEWER-C++_UNICODE_64BIT_DEBUG.EXE.EMBED.MANIFEST.RES
G:\日本会议\IFCENGINEDLLV1.04 (BUILD 4000+)\C++\IFCVIEWER\IFCVIEWER\X64\DEBUG\IFCVIEWER-C++_UNICODE_64BIT_DEBUG.EXE.INTERMEDIATE.MANIFEST
G:\日本会议\IFCENGINEDLLV1.04 (BUILD 4000+)\C++\IFCVIEWER\IFCVIEWER\X64\DEBUG\IFCVIEWER-C++_UNICODE_64BIT_DEBUG.PCH
G:\日本会议\IFCEngineDLLv1.04 (build 4000+)\C++\ifcviewer\ifcviewer\x64\Debug\ifcviewer-C++_Unicode_64bit_DEBUG_manifest.rc
G:\日本会议\IFCENGINEDLLV1.04 (BUILD 4000+)\C++\IFCVIEWER\IFCVIEWER\X64\DEBUG\IFCVIEWERDOC.OBJ
G:\日本会议\IFCENGINEDLLV1.04 (BUILD 4000+)\C++\IFCVIEWER\IFCVIEWER\X64\DEBUG\IFCVIEWERVIEW.OBJ
G:\日本会议\IFCENGINEDLLV1.04 (BUILD 4000+)\C++\IFCVIEWER\IFCVIEWER\X64\DEBUG\LEFTPANE.OBJ
G:\日本会议\IFCEngineDLLv1.04 (build 4000+)\C++\ifcviewer\ifcviewer\x64\Debug\link.77068.read.1.tlog
G:\日本会议\IFCEngineDLLv1.04 (build 4000+)\C++\ifcviewer\ifcviewer\x64\Debug\link.77068.write.1.tlog
G:\日本会议\IFCEngineDLLv1.04 (build 4000+)\C++\ifcviewer\ifcviewer\x64\Debug\link.77068-cvtres.read.1.tlog
G:\日本会议\IFCEngineDLLv1.04 (build 4000+)\C++\ifcviewer\ifcviewer\x64\Debug\link.77068-cvtres.write.1.tlog
G:\日本会议\IFCEngineDLLv1.04 (build 4000+)\C++\ifcviewer\ifcviewer\x64\Debug\link.command.1.tlog
G:\日本会议\IFCEngineDLLv1.04 (build 4000+)\C++\ifcviewer\ifcviewer\x64\Debug\link.read.1.tlog
G:\日本会议\IFCEngineDLLv1.04 (build 4000+)\C++\ifcviewer\ifcviewer\x64\Debug\link.write.1.tlog
G:\日本会议\IFCEngineDLLv1.04 (build 4000+)\C++\ifcviewer\ifcviewer\x64\Debug\link-cvtres.read.1.tlog
G:\日本会议\IFCEngineDLLv1.04 (build 4000+)\C++\ifcviewer\ifcviewer\x64\Debug\link-cvtres.write.1.tlog
G:\日本会议\IFCENGINEDLLV1.04 (BUILD 4000+)\C++\IFCVIEWER\IFCVIEWER\X64\DEBUG\MAINFRM.OBJ
G:\日本会议\IFCENGINEDLLV1.04 (BUILD 4000+)\C++\IFCVIEWER\IFCVIEWER\X64\DEBUG\MATERIAL.OBJ
G:\日本会议\IFCEngineDLLv1.04 (build 4000+)\C++\ifcviewer\ifcviewer\x64\Debug\mt.command.1.tlog
G:\日本会议\IFCEngineDLLv1.04 (build 4000+)\C++\ifcviewer\ifcviewer\x64\Debug\mt.read.1.tlog
G:\日本会议\IFCEngineDLLv1.04 (build 4000+)\C++\ifcviewer\ifcviewer\x64\Debug\mt.write.1.tlog
G:\日本会议\IFCENGINEDLLV1.04 (BUILD 4000+)\C++\IFCVIEWER\IFCVIEWER\X64\DEBUG\PROGRESSWND.OBJ
G:\日本会议\IFCEngineDLLv1.04 (build 4000+)\C++\ifcviewer\ifcviewer\x64\Debug\rc.command.1.tlog
G:\日本会议\IFCEngineDLLv1.04 (build 4000+)\C++\ifcviewer\ifcviewer\x64\Debug\rc.read.1.tlog
G:\日本会议\IFCEngineDLLv1.04 (build 4000+)\C++\ifcviewer\ifcviewer\x64\Debug\rc.write.1.tlog
G:\日本会议\IFCENGINEDLLV1.04 (BUILD 4000+)\C++\IFCVIEWER\IFCVIEWER\X64\DEBUG\RIGHTPANE.OBJ
G:\日本会议\IFCENGINEDLLV1.04 (BUILD 4000+)\C++\IFCVIEWER\IFCVIEWER\X64\DEBUG\STDAFX.OBJ
G:\日本会议\IFCENGINEDLLV1.04 (BUILD 4000+)\C++\IFCVIEWER\IFCVIEWER\X64\DEBUG\UNIT.OBJ
G:\日本会议\IFCEngineDLLv1.04 (build 4000+)\C++\ifcviewer\ifcviewer\x64\Debug\vc100.idb
G:\日本会议\IFCENGINEDLLV1.04 (BUILD 4000+)\C++\IFCVIEWER\IFCVIEWER\X64\DEBUG\VC100.PDB
G:\日本会议\IFCENGINEDLLV1.04 (BUILD 4000+)\C++\IFCVIEWER\IFCVIEWER\X64\DEBUG\VECTOR.OBJ
G:\日本会议\IFCENGINEDLLV1.04 (BUILD 4000+)\C++\IFCVIEWER\X64\DEBUG\IFCVIEWER-C++_UNICODE_64BIT_DEBUG.EXE
G:\日本会议\IFCENGINEDLLV1.04 (BUILD 4000+)\C++\IFCVIEWER\X64\DEBUG\IFCVIEWER-C++_UNICODE_64BIT_DEBUG.ILK
G:\日本会议\IFCENGINEDLLV1.04 (BUILD 4000+)\C++\IFCVIEWER\X64\DEBUG\IFCVIEWER-C++_UNICODE_64BIT_DEBUG.PDB
