G:\日本会议\IFCENGINEDLLV1.04 (BUILD 4000+)\C++\IFCVIEWER\IFCVIEWER\X64\RELEASE\CAMERA.OBJ
G:\日本会议\IFCEngineDLLv1.04 (build 4000+)\C++\ifcviewer\ifcviewer\x64\Release\cl.command.1.tlog
G:\日本会议\IFCEngineDLLv1.04 (build 4000+)\C++\ifcviewer\ifcviewer\x64\Release\CL.read.1.tlog
G:\日本会议\IFCEngineDLLv1.04 (build 4000+)\C++\ifcviewer\ifcviewer\x64\Release\CL.write.1.tlog
G:\日本会议\IFCENGINEDLLV1.04 (BUILD 4000+)\C++\IFCVIEWER\IFCVIEWER\X64\RELEASE\GENERIC.OBJ
G:\日本会议\IFCENGINEDLLV1.04 (BUILD 4000+)\C++\IFCVIEWER\IFCVIEWER\X64\RELEASE\GENERICTREEITEM.OBJ
G:\日本会议\IFCENGINEDLLV1.04 (BUILD 4000+)\C++\IFCVIEWER\IFCVIEWER\X64\RELEASE\HEADERINFO.OBJ
G:\日本会议\IFCENGINEDLLV1.04 (BUILD 4000+)\C++\IFCVIEWER\IFCVIEWER\X64\RELEASE\IFCENGINEINTERACT.OBJ
G:\日本会议\IFCENGINEDLLV1.04 (BUILD 4000+)\C++\IFCVIEWER\IFCVIEWER\X64\RELEASE\IFCVIEWER.OBJ
G:\日本会议\IFCENGINEDLLV1.04 (BUILD 4000+)\C++\IFCVIEWER\IFCVIEWER\X64\RELEASE\IFCVIEWER.RES
G:\日本会议\IFCEngineDLLv1.04 (build 4000+)\C++\ifcviewer\ifcviewer\x64\Release\ifcviewer.write.1.tlog
G:\日本会议\IFCENGINEDLLV1.04 (BUILD 4000+)\C++\IFCVIEWER\IFCVIEWER\X64\RELEASE\IFCVIEWER-C++_UNICODE_64BIT.EXE.INTERMEDIATE.MANIFEST
G:\日本会议\IFCENGINEDLLV1.04 (BUILD 4000+)\C++\IFCVIEWER\IFCVIEWER\X64\RELEASE\IFCVIEWER-C++_UNICODE_64BIT.PCH
G:\日本会议\IFCENGINEDLLV1.04 (BUILD 4000+)\C++\IFCVIEWER\IFCVIEWER\X64\RELEASE\IFCVIEWERDOC.OBJ
G:\日本会议\IFCENGINEDLLV1.04 (BUILD 4000+)\C++\IFCVIEWER\IFCVIEWER\X64\RELEASE\IFCVIEWERVIEW.OBJ
G:\日本会议\IFCENGINEDLLV1.04 (BUILD 4000+)\C++\IFCVIEWER\IFCVIEWER\X64\RELEASE\LEFTPANE.OBJ
G:\日本会议\IFCEngineDLLv1.04 (build 4000+)\C++\ifcviewer\ifcviewer\x64\Release\link.command.1.tlog
G:\日本会议\IFCEngineDLLv1.04 (build 4000+)\C++\ifcviewer\ifcviewer\x64\Release\link.read.1.tlog
G:\日本会议\IFCEngineDLLv1.04 (build 4000+)\C++\ifcviewer\ifcviewer\x64\Release\link.write.1.tlog
G:\日本会议\IFCEngineDLLv1.04 (build 4000+)\C++\ifcviewer\ifcviewer\x64\Release\link-cvtres.read.1.tlog
G:\日本会议\IFCEngineDLLv1.04 (build 4000+)\C++\ifcviewer\ifcviewer\x64\Release\link-cvtres.write.1.tlog
G:\日本会议\IFCENGINEDLLV1.04 (BUILD 4000+)\C++\IFCVIEWER\IFCVIEWER\X64\RELEASE\MAINFRM.OBJ
G:\日本会议\IFCENGINEDLLV1.04 (BUILD 4000+)\C++\IFCVIEWER\IFCVIEWER\X64\RELEASE\MATERIAL.OBJ
G:\日本会议\IFCEngineDLLv1.04 (build 4000+)\C++\ifcviewer\ifcviewer\x64\Release\mt.command.1.tlog
G:\日本会议\IFCEngineDLLv1.04 (build 4000+)\C++\ifcviewer\ifcviewer\x64\Release\mt.read.1.tlog
G:\日本会议\IFCEngineDLLv1.04 (build 4000+)\C++\ifcviewer\ifcviewer\x64\Release\mt.write.1.tlog
G:\日本会议\IFCENGINEDLLV1.04 (BUILD 4000+)\C++\IFCVIEWER\IFCVIEWER\X64\RELEASE\PROGRESSWND.OBJ
G:\日本会议\IFCEngineDLLv1.04 (build 4000+)\C++\ifcviewer\ifcviewer\x64\Release\rc.command.1.tlog
G:\日本会议\IFCEngineDLLv1.04 (build 4000+)\C++\ifcviewer\ifcviewer\x64\Release\rc.read.1.tlog
G:\日本会议\IFCEngineDLLv1.04 (build 4000+)\C++\ifcviewer\ifcviewer\x64\Release\rc.write.1.tlog
G:\日本会议\IFCENGINEDLLV1.04 (BUILD 4000+)\C++\IFCVIEWER\IFCVIEWER\X64\RELEASE\RIGHTPANE.OBJ
G:\日本会议\IFCENGINEDLLV1.04 (BUILD 4000+)\C++\IFCVIEWER\IFCVIEWER\X64\RELEASE\STDAFX.OBJ
G:\日本会议\IFCENGINEDLLV1.04 (BUILD 4000+)\C++\IFCVIEWER\IFCVIEWER\X64\RELEASE\UNIT.OBJ
G:\日本会议\IFCENGINEDLLV1.04 (BUILD 4000+)\C++\IFCVIEWER\IFCVIEWER\X64\RELEASE\VC100.PDB
G:\日本会议\IFCENGINEDLLV1.04 (BUILD 4000+)\C++\IFCVIEWER\IFCVIEWER\X64\RELEASE\VECTOR.OBJ
G:\日本会议\IFCENGINEDLLV1.04 (BUILD 4000+)\C++\IFCVIEWER\X64\RELEASE\IFCVIEWER-C++_UNICODE_64BIT.EXE
G:\日本会议\IFCENGINEDLLV1.04 (BUILD 4000+)\C++\IFCVIEWER\X64\RELEASE\IFCVIEWER-C++_UNICODE_64BIT.PDB
